
> server@1.0.0 start
> node index.js

[dotenv@17.2.3] injecting env (14) from .env -- tip: ⚙️  load multiple .env files with { path: ['.env.local', '.env'] }
[INFO] Server running on http://localhost:3001 {}
[INFO] ✅ Connexion à MySQL établie avec succès {}
[INFO] ✅ Table RefreshTokens synchronisée {}
[INFO] ✅ Base de données synchronisée avec succès {}
[WARN] Expired token attempt { ip: '::1' }
[WARN] Expired token attempt { ip: '::1' }
[INFO] Access token refreshed { userId: 17 }
[AI Coach Route] Requête reçue: { userId: 17, message: 'bonjour...' }
[AI Coach] Envoi de la requête au webhook n8n: {
  url: 'https://williampeynichou.app.n8n.cloud/webhook/34393d88-7535-40f2-a32b-8b12196ffc55/chat',
  body: { action: 'sendMessage', sessionId: '17', chatInput: 'bonjour' }
}
[AI Coach] Statut de la réponse: 200 OK
[AI Coach] Réponse complète du webhook: {
  "output": "Bonjour ! Comment puis-je vous aider aujourd'hui ? Que ce soit pour des conseils en nutrition, un plan d'entraînement, ou toute autre question, je suis là pour vous soutenir !"
}
[AI Coach] Réponse de l'AI extraite: Bonjour ! Comment puis-je vous aider aujourd'hui ? Que ce soit pour des conseils en nutrition, un pl...
[AI Coach Route] Résultat du service: { success: true, hasMessage: true, messageLength: 175 }
[WARN] Expired token attempt { ip: '::1' }
[INFO] Access token refreshed { userId: 17 }
[WARN] Expired token attempt { ip: '::1' }
[WARN] Expired token attempt { ip: '::1' }
[INFO] Access token refreshed { userId: 17 }
[AI Coach Route] Requête reçue: {
  userId: 17,
  message: 'aps tu acces a mes infos, si oui cite les moi...'
}
[AI Coach] Envoi de la requête au webhook n8n: {
  url: 'https://williampeynichou.app.n8n.cloud/webhook/34393d88-7535-40f2-a32b-8b12196ffc55/chat',
  body: {
    action: 'sendMessage',
    sessionId: '17',
    chatInput: 'aps tu acces a mes infos, si oui cite les moi'
  }
}
[AI Coach] Statut de la réponse: 500 Internal Server Error
[AI Coach] Erreur HTTP: {"message":"Error in workflow"}
[AI Coach] Erreur lors de la communication avec l'AI Coach: Error: Error in workflow
    at sendMessageToAICoach (/Users/williampeynichou/projetAppliSport/server/services/aiCoachService.js:53:13)
    at process.processTicksAndRejections (node:internal/process/task_queues:105:5)
    at async /Users/williampeynichou/projetAppliSport/server/routes/aiCoach.js:26:20
[AI Coach Route] Résultat du service: { success: false, hasMessage: false, messageLength: undefined }
[AI Coach Route] Erreur du service: Error in workflow
[AI Coach Route] Requête reçue: { userId: 17, message: 'bonjour...' }
[AI Coach] Envoi de la requête au webhook n8n: {
  url: 'https://williampeynichou.app.n8n.cloud/webhook/34393d88-7535-40f2-a32b-8b12196ffc55/chat',
  body: { action: 'sendMessage', sessionId: '17', chatInput: 'bonjour' }
}
[AI Coach] Statut de la réponse: 200 OK
[AI Coach] Réponse complète du webhook: {
  "output": "Bonjour encore ! 😊 Comment se passe votre journée ? Avez-vous des questions ou des objectifs sportifs en tête ? Je suis là pour vous aider !"
}
[AI Coach] Réponse de l'AI extraite: Bonjour encore ! 😊 Comment se passe votre journée ? Avez-vous des questions ou des objectifs sporti...
[AI Coach Route] Résultat du service: { success: true, hasMessage: true, messageLength: 141 }
[AI Coach Route] Requête reçue: {
  userId: 17,
  message: 'as tu acces a mes donnée ? poid, taille, objectif,...'
}
[AI Coach] Envoi de la requête au webhook n8n: {
  url: 'https://williampeynichou.app.n8n.cloud/webhook/34393d88-7535-40f2-a32b-8b12196ffc55/chat',
  body: {
    action: 'sendMessage',
    sessionId: '17',
    chatInput: 'as tu acces a mes donnée ? poid, taille, objectif, imc ?'
  }
}
[AI Coach] Statut de la réponse: 200 OK
[AI Coach] Réponse complète du webhook: {
  "output": "Je n'ai pas accès à vos données personnelles pour le moment. Cependant, si vous me fournissez vos informations telles que votre poids, votre taille, votre objectif et éventuellement votre IMC, je pourrai vous aider à créer un plan d'entraînement ou des conseils nutritionnels adaptés à vos besoins. N'hésitez pas à partager ce que vous souhaitez !"
}
[AI Coach] Réponse de l'AI extraite: Je n'ai pas accès à vos données personnelles pour le moment. Cependant, si vous me fournissez vos in...
[AI Coach Route] Résultat du service: { success: true, hasMessage: true, messageLength: 347 }
[WARN] Expired token attempt { ip: '::1' }
[WARN] Expired token attempt { ip: '::1' }
[INFO] Access token refreshed { userId: 17 }
[WARN] Expired token attempt { ip: '::1' }
[WARN] Expired token attempt { ip: '::1' }
[INFO] Access token refreshed { userId: 17 }
[AI Coach Route] Requête reçue: {
  userId: 17,
  message: 'cite moi tu ce que tu sais par rapport a moi et a ...'
}
[AI Coach] Envoi de la requête au webhook n8n: {
  url: 'https://williampeynichou.app.n8n.cloud/webhook/34393d88-7535-40f2-a32b-8b12196ffc55/chat',
  body: {
    action: 'sendMessage',
    sessionId: '17',
    chatInput: 'cite moi tu ce que tu sais par rapport a moi et a mes infos en bdd'
  }
}
[AI Coach] Statut de la réponse: 500 Internal Server Error
[AI Coach] Erreur HTTP: {"message":"Error in workflow"}
[AI Coach] Erreur lors de la communication avec l'AI Coach: Error: Error in workflow
    at sendMessageToAICoach (/Users/williampeynichou/projetAppliSport/server/services/aiCoachService.js:53:13)
    at process.processTicksAndRejections (node:internal/process/task_queues:105:5)
    at async /Users/williampeynichou/projetAppliSport/server/routes/aiCoach.js:26:20
[AI Coach Route] Résultat du service: { success: false, hasMessage: false, messageLength: undefined }
[AI Coach Route] Erreur du service: Error in workflow
[WARN] Expired token attempt { ip: '::1' }
[INFO] Access token refreshed { userId: 17 }
[AI Coach Route] Requête reçue: { userId: 17, message: 'bonjour...' }
[AI Coach] Envoi de la requête au webhook n8n: {
  url: 'https://williampeynichou.app.n8n.cloud/webhook/34393d88-7535-40f2-a32b-8b12196ffc55/chat',
  body: { action: 'sendMessage', sessionId: '17', chatInput: 'bonjour' }
}
[AI Coach] Statut de la réponse: 200 OK
[AI Coach] Réponse complète du webhook: {
  "output": "Bonjour ! 😄 Comment puis-je vous aider aujourd'hui ? Si vous avez des questions ou des objectifs sportifs en tête, n'hésitez pas à les partager !"
}
[AI Coach] Réponse de l'AI extraite: Bonjour ! 😄 Comment puis-je vous aider aujourd'hui ? Si vous avez des questions ou des objectifs sp...
[AI Coach Route] Résultat du service: { success: true, hasMessage: true, messageLength: 146 }
[AI Coach Route] Requête reçue: { userId: 17, message: 'as tu acces a mes infos ?...' }
[AI Coach] Envoi de la requête au webhook n8n: {
  url: 'https://williampeynichou.app.n8n.cloud/webhook/34393d88-7535-40f2-a32b-8b12196ffc55/chat',
  body: {
    action: 'sendMessage',
    sessionId: '17',
    chatInput: 'as tu acces a mes infos ?'
  }
}
[AI Coach] Statut de la réponse: 200 OK
[AI Coach] Réponse complète du webhook: {
  "output": "Oui, je peux accéder à vos informations si elles sont enregistrées dans la base de données. Cela me permettra de vous donner des conseils personnalisés en fonction de votre poids, taille, objectif, IMC, etc.\n\nSi vous le souhaitez, je peux vérifier vos données. Souhaitez-vous que je le fasse ?"
}
[AI Coach] Réponse de l'AI extraite: Oui, je peux accéder à vos informations si elles sont enregistrées dans la base de données. Cela me ...
[AI Coach Route] Résultat du service: { success: true, hasMessage: true, messageLength: 293 }
[AI Coach Route] Requête reçue: { userId: 17, message: 'oui...' }
[AI Coach] Envoi de la requête au webhook n8n: {
  url: 'https://williampeynichou.app.n8n.cloud/webhook/34393d88-7535-40f2-a32b-8b12196ffc55/chat',
  body: { action: 'sendMessage', sessionId: '17', chatInput: 'oui' }
}
[AI Coach] Statut de la réponse: 200 OK
[AI Coach] Réponse complète du webhook: {
  "output": "Voici les informations que j'ai trouvées :\n\n- **Âge** : 27 ans\n- **Taille** : 185 cm\n- **Poids cible** : 85 kg\n- **Consommation calorique** : 2290 kcal par jour\n- **Semaines restantes pour atteindre l'objectif** : 22 semaines\n- **Pseudo** : wili\n\nCependant, votre IMC n'est pas spécifié dans la base de données. Si vous avez besoin d'aide pour votre entraînement ou votre nutrition, faites-le moi savoir ! Je peux vous proposer un plan ou des conseils adaptés à vos objectifs. 😊"
}
[AI Coach] Réponse de l'AI extraite: Voici les informations que j'ai trouvées :

- **Âge** : 27 ans
- **Taille** : 185 cm
- **Poids cible...
[AI Coach Route] Résultat du service: { success: true, hasMessage: true, messageLength: 479 }
[WARN] Failed login attempt {
  email: 'WILLIAMPEYNICHOU@GMAIL.COM',
  ip: '::1',
  userAgent: 'Mozilla/5.0 (Macintosh; Intel Mac OS X 10_15_7) AppleWebKit/537.36 (KHTML, like Gecko) Chrome/142.0.0.0 Safari/537.36',
  userExists: true
}
[INFO] User logged in { userId: 1, email: 'WILLIAMPEYNICHOU@GMAIL.COM', ip: '::1' }
[INFO] Strava token refreshed successfully { userId: 1 }
[WARN] Expired token attempt { ip: '::1' }
[WARN] Expired token attempt { ip: '::1' }
[INFO] Access token refreshed { userId: 1 }
[INFO] User logged in { userId: 1, email: 'WILLIAMPEYNICHOU@GMAIL.COM', ip: '::1' }
[AI Coach Route] Requête reçue: { userId: 1, message: 'quels sont mes infos...' }
[AI Coach] Envoi de la requête au webhook n8n: {
  url: 'https://williampeynichou.app.n8n.cloud/webhook/34393d88-7535-40f2-a32b-8b12196ffc55/chat',
  body: {
    action: 'sendMessage',
    sessionId: '1',
    chatInput: 'quels sont mes infos'
  }
}
[AI Coach] Statut de la réponse: 200 OK
[AI Coach] Réponse complète du webhook: {
  "output": "Voici vos informations :\n\n- **Email** : WILLIAMPEYNICHOU@GMAIL.COM\n- **Pseudo** : wili\n- **Âge** : 27 ans\n- **Taille** : 185 cm\n- **Sexe** : Masculin\n- **Poids cible** : 85 kg\n- **Consommation calorique quotidienne** : 2290 Kcal\n- **Temps estimé pour atteindre l'objectif (semaines)** : 22 semaines\n- **Pays** : France\n\nSi vous avez besoin d'aide pour atteindre votre objectif de poids ou pour établir un plan d'entraînement, n'hésitez pas à me le faire savoir ! Je suis là pour vous accompagner. 😊"
}
[AI Coach] Réponse de l'AI extraite: Voici vos informations :

- **Email** : WILLIAMPEYNICHOU@GMAIL.COM
- **Pseudo** : wili
- **Âge** : 2...
[AI Coach Route] Résultat du service: { success: true, hasMessage: true, messageLength: 499 }
[INFO] User logged out { userId: 1 }
[WARN] Failed login attempt {
  email: 'test@test.com',
  ip: '::1',
  userAgent: 'Mozilla/5.0 (Macintosh; Intel Mac OS X 10_15_7) AppleWebKit/537.36 (KHTML, like Gecko) Chrome/142.0.0.0 Safari/537.36',
  userExists: true
}
[WARN] Failed login attempt {
  email: 'test@test.com',
  ip: '::1',
  userAgent: 'Mozilla/5.0 (Macintosh; Intel Mac OS X 10_15_7) AppleWebKit/537.36 (KHTML, like Gecko) Chrome/142.0.0.0 Safari/537.36',
  userExists: true
}
[INFO] User logged in { userId: 10, email: 'testStrava@testStrava.com', ip: '::1' }
[INFO] Generating Strava OAuth URL { userId: 10, state: '10_1764250510648_385h8' }
[INFO] Strava OAuth callback received { hasCode: true, hasState: true }
[AI Coach Route] Requête reçue: { userId: 10, message: 'donne moi mes infos...' }
[AI Coach] Envoi de la requête au webhook n8n: {
  url: 'https://williampeynichou.app.n8n.cloud/webhook/34393d88-7535-40f2-a32b-8b12196ffc55/chat',
  body: {
    action: 'sendMessage',
    sessionId: '10',
    chatInput: 'donne moi mes infos'
  }
}
[AI Coach] Statut de la réponse: 200 OK
[AI Coach] Réponse complète du webhook: {
  "output": "Il semble que je ne puisse pas accéder à vos informations pour le moment. Pour vous aider au mieux, pourriez-vous me donner votre adresse e-mail ou d'autres informations qui pourraient m'aider à vous identifier ?"
}
[AI Coach] Réponse de l'AI extraite: Il semble que je ne puisse pas accéder à vos informations pour le moment. Pour vous aider au mieux, ...
[AI Coach Route] Résultat du service: { success: true, hasMessage: true, messageLength: 212 }
[AI Coach Route] Requête reçue: { userId: 10, message: 'Strava...' }
[AI Coach] Envoi de la requête au webhook n8n: {
  url: 'https://williampeynichou.app.n8n.cloud/webhook/34393d88-7535-40f2-a32b-8b12196ffc55/chat',
  body: { action: 'sendMessage', sessionId: '10', chatInput: 'Strava' }
}
[AI Coach] Statut de la réponse: 200 OK
[AI Coach] Réponse complète du webhook: {
  "output": "Pour accéder à vos informations, j’ai besoin d’un peu plus de précisions, comme par exemple votre adresse e-mail ou un autre identifiant que vous pourriez avoir utilisé. Cela m'aidera à trouver vos données dans notre base de données. Pourriez-vous me fournir cela ?"
}
[AI Coach] Réponse de l'AI extraite: Pour accéder à vos informations, j’ai besoin d’un peu plus de précisions, comme par exemple votre ad...
[AI Coach Route] Résultat du service: { success: true, hasMessage: true, messageLength: 265 }
[WARN] Expired token attempt { ip: '::1' }
[WARN] Expired token attempt { ip: '::1' }
[INFO] Access token refreshed { userId: 10 }
[AI Coach Route] Requête reçue: {
  userId: 10,
  message: 'fais moi un programme pour la semaine prochaine de...'
}
[AI Coach] Envoi de la requête au webhook n8n: {
  url: 'https://williampeynichou.app.n8n.cloud/webhook/34393d88-7535-40f2-a32b-8b12196ffc55/chat',
  body: {
    action: 'sendMessage',
    sessionId: '10',
    chatInput: 'fais moi un programme pour la semaine prochaine de velo pour un entrainement de perte de poid optimisé'
  }
}
[AI Coach] Statut de la réponse: 500 Internal Server Error
[AI Coach] Erreur HTTP: {"message":"Error in workflow"}
[AI Coach] Erreur lors de la communication avec l'AI Coach: Error: Error in workflow
    at sendMessageToAICoach (/Users/williampeynichou/projetAppliSport/server/services/aiCoachService.js:53:13)
    at process.processTicksAndRejections (node:internal/process/task_queues:105:5)
    at async /Users/williampeynichou/projetAppliSport/server/routes/aiCoach.js:26:20
[AI Coach Route] Résultat du service: { success: false, hasMessage: false, messageLength: undefined }
[AI Coach Route] Erreur du service: Error in workflow
[AI Coach Route] Requête reçue: {
  userId: 10,
  message: 'fais moi un programme pour la semaine prochaine de...'
}
[AI Coach] Envoi de la requête au webhook n8n: {
  url: 'https://williampeynichou.app.n8n.cloud/webhook/34393d88-7535-40f2-a32b-8b12196ffc55/chat',
  body: {
    action: 'sendMessage',
    sessionId: '10',
    chatInput: 'fais moi un programme pour la semaine prochaine de velo pour un entrainement de perte de poid optimisé'
  }
}
[AI Coach] Statut de la réponse: 500 Internal Server Error
[AI Coach] Erreur HTTP: {"message":"Error in workflow"}
[AI Coach] Erreur lors de la communication avec l'AI Coach: Error: Error in workflow
    at sendMessageToAICoach (/Users/williampeynichou/projetAppliSport/server/services/aiCoachService.js:53:13)
    at process.processTicksAndRejections (node:internal/process/task_queues:105:5)
    at async /Users/williampeynichou/projetAppliSport/server/routes/aiCoach.js:26:20
[AI Coach Route] Résultat du service: { success: false, hasMessage: false, messageLength: undefined }
[AI Coach Route] Erreur du service: Error in workflow
[WARN] Expired token attempt { ip: '::1' }
[WARN] Expired token attempt { ip: '::1' }
[INFO] Access token refreshed { userId: 1 }
[AI Coach Route] Requête reçue: { userId: 10, message: 'tu marche toi ?...' }
[AI Coach] Envoi de la requête au webhook n8n: {
  url: 'https://williampeynichou.app.n8n.cloud/webhook/34393d88-7535-40f2-a32b-8b12196ffc55/chat',
  body: {
    action: 'sendMessage',
    sessionId: '10',
    chatInput: 'tu marche toi ?'
  }
}
[AI Coach] Statut de la réponse: 500 Internal Server Error
[AI Coach] Erreur HTTP: {"message":"Error in workflow"}
[AI Coach] Erreur lors de la communication avec l'AI Coach: Error: Error in workflow
    at sendMessageToAICoach (/Users/williampeynichou/projetAppliSport/server/services/aiCoachService.js:53:13)
    at process.processTicksAndRejections (node:internal/process/task_queues:105:5)
    at async /Users/williampeynichou/projetAppliSport/server/routes/aiCoach.js:26:20
[AI Coach Route] Résultat du service: { success: false, hasMessage: false, messageLength: undefined }
[AI Coach Route] Erreur du service: Error in workflow
[INFO] User logged out { userId: 10 }
[INFO] User logged in { userId: 1, email: 'WILLIAMPEYNICHOU@GMAIL.COM', ip: '::1' }
