
> client@0.0.0 dev
> vite


  VITE v7.2.2  ready in 444 ms

  ➜  Local:   http://localhost:5173/
  ➜  Network: use --host to expose
9:34:30 AM [vite] (client) hmr update /src/context/AuthContext.jsx, /src/index.css
9:34:30 AM [vite] (client) hmr invalidate /src/context/AuthContext.jsx Could not Fast Refresh ("useAuth" export is incompatible). Learn more at https://github.com/vitejs/vite-plugin-react/tree/main/packages/plugin-react#consistent-components-exports
9:34:30 AM [vite] (client) hmr update /src/App.jsx, /src/context/LanguageContext.jsx, /src/pages/Login.jsx, /src/pages/Register.jsx, /src/components/ProtectedRoute.jsx, /src/components/Layout.jsx, /src/pages/StravaConnect.jsx, /src/pages/StravaStats.jsx, /src/pages/NewUserProfile.jsx, /src/components/Onboarding.jsx, /src/pages/NewUserStrava.jsx, /src/components/UserProfile.jsx
9:34:30 AM [vite] (client) hmr invalidate /src/context/LanguageContext.jsx Could not Fast Refresh ("useLanguage" export is incompatible). Learn more at https://github.com/vitejs/vite-plugin-react/tree/main/packages/plugin-react#consistent-components-exports
9:34:30 AM [vite] (client) hmr update /src/App.jsx, /src/components/Dashboard.jsx, /src/pages/StravaConnect.jsx, /src/pages/StravaStats.jsx, /src/pages/StatsExplanation.jsx, /src/pages/NewUserProfile.jsx, /src/components/Onboarding.jsx, /src/pages/NewUserWeight.jsx, /src/pages/NewUserStrava.jsx, /src/components/WeightForm.jsx, /src/components/UserProfile.jsx
9:34:31 AM [vite] (client) hmr update /src/context/AuthContext.jsx, /src/index.css
9:34:31 AM [vite] (client) hmr invalidate /src/context/AuthContext.jsx Could not Fast Refresh ("useAuth" export is incompatible). Learn more at https://github.com/vitejs/vite-plugin-react/tree/main/packages/plugin-react#consistent-components-exports
9:34:31 AM [vite] (client) hmr update /src/App.jsx, /src/context/LanguageContext.jsx, /src/pages/Login.jsx, /src/pages/Register.jsx, /src/components/ProtectedRoute.jsx, /src/components/Layout.jsx, /src/pages/StravaConnect.jsx, /src/pages/StravaStats.jsx, /src/pages/NewUserProfile.jsx, /src/components/Onboarding.jsx, /src/pages/NewUserStrava.jsx, /src/components/UserProfile.jsx
9:34:32 AM [vite] (client) hmr invalidate /src/context/LanguageContext.jsx Could not Fast Refresh ("useLanguage" export is incompatible). Learn more at https://github.com/vitejs/vite-plugin-react/tree/main/packages/plugin-react#consistent-components-exports
9:34:32 AM [vite] (client) hmr update /src/App.jsx, /src/components/Dashboard.jsx, /src/pages/StravaConnect.jsx, /src/pages/StravaStats.jsx, /src/pages/StatsExplanation.jsx, /src/pages/NewUserProfile.jsx, /src/components/Onboarding.jsx, /src/pages/NewUserWeight.jsx, /src/pages/NewUserStrava.jsx, /src/components/WeightForm.jsx, /src/components/UserProfile.jsx
9:34:35 AM [vite] (client) hmr update /src/components/ProtectedRoute.jsx, /src/index.css
9:34:36 AM [vite] (client) hmr update /src/components/ProtectedRoute.jsx, /src/index.css
9:34:43 AM [vite] (client) hmr update /src/context/AuthContext.jsx, /src/components/Dashboard.jsx, /src/pages/StravaConnect.jsx, /src/components/KcalCalculator.jsx, /src/pages/StravaStats.jsx, /src/pages/NewUserProfile.jsx, /src/components/Onboarding.jsx, /src/pages/NewUserWeight.jsx, /src/pages/NewUserStrava.jsx, /src/components/WeightForm.jsx, /src/components/UserProfile.jsx, /src/index.css
9:34:43 AM [vite] (client) hmr update /src/context/AuthContext.jsx, /src/components/Dashboard.jsx, /src/pages/StravaConnect.jsx, /src/components/KcalCalculator.jsx, /src/pages/StravaStats.jsx, /src/pages/NewUserProfile.jsx, /src/components/Onboarding.jsx, /src/pages/NewUserWeight.jsx, /src/pages/NewUserStrava.jsx, /src/components/WeightForm.jsx, /src/components/UserProfile.jsx, /src/index.css
9:34:43 AM [vite] (client) hmr invalidate /src/context/AuthContext.jsx Could not Fast Refresh ("useAuth" export is incompatible). Learn more at https://github.com/vitejs/vite-plugin-react/tree/main/packages/plugin-react#consistent-components-exports
9:34:43 AM [vite] (client) hmr update /src/App.jsx, /src/context/LanguageContext.jsx, /src/pages/Login.jsx, /src/pages/Register.jsx, /src/components/ProtectedRoute.jsx, /src/components/Layout.jsx, /src/pages/StravaConnect.jsx, /src/pages/StravaStats.jsx, /src/pages/NewUserProfile.jsx, /src/components/Onboarding.jsx, /src/pages/NewUserStrava.jsx, /src/components/UserProfile.jsx
9:35:25 AM [vite] (client) hmr update /src/context/AuthContext.jsx, /src/index.css
9:35:25 AM [vite] (client) hmr update /src/components/ProtectedRoute.jsx, /src/index.css
9:35:25 AM [vite] (client) hmr update /src/context/AuthContext.jsx, /src/components/Dashboard.jsx, /src/pages/StravaConnect.jsx, /src/components/KcalCalculator.jsx, /src/pages/StravaStats.jsx, /src/pages/NewUserProfile.jsx, /src/components/Onboarding.jsx, /src/pages/NewUserWeight.jsx, /src/pages/NewUserStrava.jsx, /src/components/WeightForm.jsx, /src/components/UserProfile.jsx, /src/index.css
9:35:25 AM [vite] (client) hmr invalidate /src/context/AuthContext.jsx Could not Fast Refresh ("useAuth" export is incompatible). Learn more at https://github.com/vitejs/vite-plugin-react/tree/main/packages/plugin-react#consistent-components-exports
9:35:25 AM [vite] (client) hmr update /src/App.jsx, /src/context/LanguageContext.jsx, /src/pages/Login.jsx, /src/pages/Register.jsx, /src/components/ProtectedRoute.jsx, /src/components/Layout.jsx, /src/pages/StravaConnect.jsx, /src/pages/StravaStats.jsx, /src/pages/NewUserProfile.jsx, /src/components/Onboarding.jsx, /src/pages/NewUserStrava.jsx, /src/components/UserProfile.jsx
9:46:38 AM [vite] (client) hmr update /src/pages/NewUserStrava.jsx, /src/index.css
9:46:45 AM [vite] (client) hmr update /src/pages/NewUserStrava.jsx, /src/index.css
9:46:47 AM [vite] (client) hmr update /src/pages/NewUserStrava.jsx, /src/index.css
9:46:47 AM [vite] (client) hmr update /src/pages/NewUserStrava.jsx, /src/index.css
9:47:05 AM [vite] (client) hmr update /src/App.jsx, /src/index.css
9:47:05 AM [vite] (client) hmr update /src/App.jsx, /src/index.css
9:47:07 AM [vite] (client) hmr update /src/App.jsx, /src/index.css
9:47:07 AM [vite] (client) hmr update /src/App.jsx, /src/index.css
9:47:15 AM [vite] (client) hmr update /src/pages/NewUserStrava.jsx, /src/index.css
9:47:15 AM [vite] Internal server error: /Users/williampeynichou/projetAppliSport/client/src/pages/NewUserStrava.jsx: Unexpected token, expected "," (212:1)

  210 |     </div>
  211 |   );
> 212 | };
      |  ^
  213 |
  214 | export default NewUserStrava;
  215 |
  Plugin: vite:react-babel
  File: /Users/williampeynichou/projetAppliSport/client/src/pages/NewUserStrava.jsx:212:1
  210 |      </div>
  211 |    );
  212 |  };
      |   ^
  213 |  
  214 |  export default NewUserStrava;
      at constructor (/Users/williampeynichou/projetAppliSport/client/node_modules/@babel/parser/lib/index.js:367:19)
      at JSXParserMixin.raise (/Users/williampeynichou/projetAppliSport/client/node_modules/@babel/parser/lib/index.js:6624:19)
      at JSXParserMixin.unexpected (/Users/williampeynichou/projetAppliSport/client/node_modules/@babel/parser/lib/index.js:6644:16)
      at JSXParserMixin.expect (/Users/williampeynichou/projetAppliSport/client/node_modules/@babel/parser/lib/index.js:6924:12)
      at JSXParserMixin.parseCallExpressionArguments (/Users/williampeynichou/projetAppliSport/client/node_modules/@babel/parser/lib/index.js:11307:14)
      at JSXParserMixin.parseCoverCallAndAsyncArrowHead (/Users/williampeynichou/projetAppliSport/client/node_modules/@babel/parser/lib/index.js:11250:29)
      at JSXParserMixin.parseSubscript (/Users/williampeynichou/projetAppliSport/client/node_modules/@babel/parser/lib/index.js:11184:19)
      at JSXParserMixin.parseSubscripts (/Users/williampeynichou/projetAppliSport/client/node_modules/@babel/parser/lib/index.js:11158:19)
      at JSXParserMixin.parseExprSubscripts (/Users/williampeynichou/projetAppliSport/client/node_modules/@babel/parser/lib/index.js:11149:17)
      at JSXParserMixin.parseUpdate (/Users/williampeynichou/projetAppliSport/client/node_modules/@babel/parser/lib/index.js:11130:21)
      at JSXParserMixin.parseMaybeUnary (/Users/williampeynichou/projetAppliSport/client/node_modules/@babel/parser/lib/index.js:11110:23)
      at JSXParserMixin.parseMaybeUnaryOrPrivate (/Users/williampeynichou/projetAppliSport/client/node_modules/@babel/parser/lib/index.js:10963:61)
      at JSXParserMixin.parseExprOps (/Users/williampeynichou/projetAppliSport/client/node_modules/@babel/parser/lib/index.js:10968:23)
      at JSXParserMixin.parseMaybeConditional (/Users/williampeynichou/projetAppliSport/client/node_modules/@babel/parser/lib/index.js:10945:23)
      at JSXParserMixin.parseMaybeAssign (/Users/williampeynichou/projetAppliSport/client/node_modules/@babel/parser/lib/index.js:10895:21)
      at JSXParserMixin.parseExpressionBase (/Users/williampeynichou/projetAppliSport/client/node_modules/@babel/parser/lib/index.js:10848:23)
      at /Users/williampeynichou/projetAppliSport/client/node_modules/@babel/parser/lib/index.js:10844:39
      at JSXParserMixin.allowInAnd (/Users/williampeynichou/projetAppliSport/client/node_modules/@babel/parser/lib/index.js:12495:16)
      at JSXParserMixin.parseExpression (/Users/williampeynichou/projetAppliSport/client/node_modules/@babel/parser/lib/index.js:10844:17)
      at JSXParserMixin.parseStatementContent (/Users/williampeynichou/projetAppliSport/client/node_modules/@babel/parser/lib/index.js:12971:23)
      at JSXParserMixin.parseStatementLike (/Users/williampeynichou/projetAppliSport/client/node_modules/@babel/parser/lib/index.js:12843:17)
      at JSXParserMixin.parseStatementListItem (/Users/williampeynichou/projetAppliSport/client/node_modules/@babel/parser/lib/index.js:12823:17)
      at JSXParserMixin.parseBlockOrModuleBlockBody (/Users/williampeynichou/projetAppliSport/client/node_modules/@babel/parser/lib/index.js:13392:61)
      at JSXParserMixin.parseBlockBody (/Users/williampeynichou/projetAppliSport/client/node_modules/@babel/parser/lib/index.js:13385:10)
      at JSXParserMixin.parseBlock (/Users/williampeynichou/projetAppliSport/client/node_modules/@babel/parser/lib/index.js:13373:10)
      at JSXParserMixin.parseFunctionBody (/Users/williampeynichou/projetAppliSport/client/node_modules/@babel/parser/lib/index.js:12174:24)
      at JSXParserMixin.parseArrowExpression (/Users/williampeynichou/projetAppliSport/client/node_modules/@babel/parser/lib/index.js:12149:10)
      at JSXParserMixin.parseParenAndDistinguishExpression (/Users/williampeynichou/projetAppliSport/client/node_modules/@babel/parser/lib/index.js:11759:12)
      at JSXParserMixin.parseExprAtom (/Users/williampeynichou/projetAppliSport/client/node_modules/@babel/parser/lib/index.js:11395:23)
      at JSXParserMixin.parseExprAtom (/Users/williampeynichou/projetAppliSport/client/node_modules/@babel/parser/lib/index.js:4793:20)
      at JSXParserMixin.parseExprSubscripts (/Users/williampeynichou/projetAppliSport/client/node_modules/@babel/parser/lib/index.js:11145:23)
      at JSXParserMixin.parseUpdate (/Users/williampeynichou/projetAppliSport/client/node_modules/@babel/parser/lib/index.js:11130:21)
      at JSXParserMixin.parseMaybeUnary (/Users/williampeynichou/projetAppliSport/client/node_modules/@babel/parser/lib/index.js:11110:23)
      at JSXParserMixin.parseMaybeUnaryOrPrivate (/Users/williampeynichou/projetAppliSport/client/node_modules/@babel/parser/lib/index.js:10963:61)
      at JSXParserMixin.parseExprOps (/Users/williampeynichou/projetAppliSport/client/node_modules/@babel/parser/lib/index.js:10968:23)
      at JSXParserMixin.parseMaybeConditional (/Users/williampeynichou/projetAppliSport/client/node_modules/@babel/parser/lib/index.js:10945:23)
      at JSXParserMixin.parseMaybeAssign (/Users/williampeynichou/projetAppliSport/client/node_modules/@babel/parser/lib/index.js:10895:21)
      at /Users/williampeynichou/projetAppliSport/client/node_modules/@babel/parser/lib/index.js:10864:39
      at JSXParserMixin.allowInAnd (/Users/williampeynichou/projetAppliSport/client/node_modules/@babel/parser/lib/index.js:12495:16)
      at JSXParserMixin.parseMaybeAssignAllowIn (/Users/williampeynichou/projetAppliSport/client/node_modules/@babel/parser/lib/index.js:10864:17)
      at JSXParserMixin.parseVar (/Users/williampeynichou/projetAppliSport/client/node_modules/@babel/parser/lib/index.js:13460:91)
      at JSXParserMixin.parseVarStatement (/Users/williampeynichou/projetAppliSport/client/node_modules/@babel/parser/lib/index.js:13306:10)
      at JSXParserMixin.parseStatementContent (/Users/williampeynichou/projetAppliSport/client/node_modules/@babel/parser/lib/index.js:12927:23)
      at JSXParserMixin.parseStatementLike (/Users/williampeynichou/projetAppliSport/client/node_modules/@babel/parser/lib/index.js:12843:17)
      at JSXParserMixin.parseModuleItem (/Users/williampeynichou/projetAppliSport/client/node_modules/@babel/parser/lib/index.js:12820:17)
      at JSXParserMixin.parseBlockOrModuleBlockBody (/Users/williampeynichou/projetAppliSport/client/node_modules/@babel/parser/lib/index.js:13392:36)
      at JSXParserMixin.parseBlockBody (/Users/williampeynichou/projetAppliSport/client/node_modules/@babel/parser/lib/index.js:13385:10)
      at JSXParserMixin.parseProgram (/Users/williampeynichou/projetAppliSport/client/node_modules/@babel/parser/lib/index.js:12698:10)
      at JSXParserMixin.parseTopLevel (/Users/williampeynichou/projetAppliSport/client/node_modules/@babel/parser/lib/index.js:12688:25)
      at JSXParserMixin.parse (/Users/williampeynichou/projetAppliSport/client/node_modules/@babel/parser/lib/index.js:14568:25)
9:47:15 AM [vite] (client) hmr update /src/pages/NewUserStrava.jsx, /src/index.css
9:47:15 AM [vite] (client) hmr update /src/pages/NewUserStrava.jsx, /src/index.css
9:47:17 AM [vite] (client) hmr update /src/pages/NewUserStrava.jsx, /src/index.css
9:47:26 AM [vite] (client) hmr update /src/pages/StravaCallback.jsx, /src/index.css
9:47:26 AM [vite] (client) hmr update /src/App.jsx, /src/index.css
9:47:26 AM [vite] (client) hmr update /src/pages/StravaCallback.jsx, /src/index.css
9:47:26 AM [vite] (client) hmr update /src/App.jsx, /src/index.css
9:47:26 AM [vite] (client) hmr update /src/pages/NewUserStrava.jsx, /src/index.css
9:47:47 AM [vite] (client) hmr update /src/pages/NewUserStrava.jsx, /src/index.css
